<?xml version="1.0" encoding="UTF-8"?>
<!-- Generated by org.testng.reporters.JUnitReportReporter -->
<testsuite hostname="LAPTOP-QKE8DCG6" failures="0" tests="4" name="testCases.LoginPageTest" time="20.126" errors="0" timestamp="2024-11-04T05:00:33 GST" skipped="0">
  <testcase classname="testCases.LoginPageTest" name="verifyLoginWithValidCredentials" time="4.876"/>
  <system-out/>
  <testcase classname="testCases.LoginPageTest" name="verifyLoginWithInValidCredentials" time="4.518"/>
  <system-out/>
  <testcase classname="testCases.LoginPageTest" name="verifyLoginWithInValidCredentials" time="5.366"/>
  <system-out/>
  <testcase classname="testCases.LoginPageTest" name="verifyLoginWithInValidCredentials" time="5.366"/>
  <system-out/>
</testsuite> <!-- testCases.LoginPageTest -->
