<?xml version="1.0" encoding="UTF-8"?>
<!-- Generated by org.testng.reporters.JUnitReportReporter -->
<testsuite hostname="LAPTOP-QKE8DCG6" failures="0" tests="2" name="testCases.ManageNewsTest" time="10.965" errors="0" timestamp="2024-11-08T06:54:38 GST" skipped="0">
  <testcase classname="testCases.ManageNewsTest" name="verifySearchNews" time="5.126"/>
  <testcase classname="testCases.ManageNewsTest" name="verifyAddNews" time="5.839"/>
</testsuite> <!-- testCases.ManageNewsTest -->
