<?xml version="1.0" encoding="UTF-8"?>
<!-- Generated by org.testng.reporters.JUnitReportReporter -->
<testsuite hostname="LAPTOP-QKE8DCG6" failures="0" tests="4" name="testCases.LoginPageTest" time="20.472" errors="0" timestamp="2024-11-08T06:54:38 GST" skipped="0">
  <testcase classname="testCases.LoginPageTest" name="verifyLoginWithValidCredentials" time="6.085"/>
  <testcase classname="testCases.LoginPageTest" name="verifyLoginWithInValidCredentials" time="3.633"/>
  <testcase classname="testCases.LoginPageTest" name="verifyLoginWithInValidCredentials" time="7.176"/>
  <testcase classname="testCases.LoginPageTest" name="verifyLoginWithInValidCredentials" time="3.578"/>
</testsuite> <!-- testCases.LoginPageTest -->
