<?xml version="1.0" encoding="UTF-8"?>
<!-- Generated by org.testng.reporters.JUnitReportReporter -->
<testsuite hostname="LAPTOP-QKE8DCG6" failures="0" tests="2" name="testCases.ManageNewsTest" time="19.136" errors="0" timestamp="2024-11-04T05:00:33 GST" skipped="0">
  <testcase classname="testCases.ManageNewsTest" name="verifyAddNews" time="12.048"/>
  <system-out/>
  <testcase classname="testCases.ManageNewsTest" name="verifySearchNews" time="7.088"/>
  <system-out/>
</testsuite> <!-- testCases.ManageNewsTest -->
