<?xml version="1.0" encoding="UTF-8"?>
<!-- Generated by org.testng.reporters.JUnitReportReporter -->
<testsuite hostname="LAPTOP-QKE8DCG6" failures="0" tests="5" name="testCases.SubCategoryTest" time="35.094" errors="0" timestamp="2024-11-04T05:00:33 GST" skipped="0">
  <testcase classname="testCases.SubCategoryTest" name="verifySubcategory" time="6.386"/>
  <system-out/>
  <testcase classname="testCases.SubCategoryTest" name="verifyAddNewItem" time="8.809"/>
  <system-out/>
  <testcase classname="testCases.SubCategoryTest" name="verifyValidSearch" time="6.983"/>
  <system-out/>
  <testcase classname="testCases.SubCategoryTest" name="verifyInvalidSearch" time="6.002"/>
  <system-out/>
  <testcase classname="testCases.SubCategoryTest" name="verifyDeleteItem" time="6.914"/>
  <system-out/>
</testsuite> <!-- testCases.SubCategoryTest -->
