<?xml version="1.0" encoding="UTF-8"?>
<!-- Generated by org.testng.reporters.JUnitReportReporter -->
<testsuite hostname="LAPTOP-QKE8DCG6" failures="0" tests="2" name="testCases.ManageContactTest" time="13.544" errors="0" timestamp="2024-11-08T06:54:38 GST" skipped="0">
  <testcase classname="testCases.ManageContactTest" name="verifyContact" time="8.208"/>
  <testcase classname="testCases.ManageContactTest" name="verifyContactReset" time="5.336"/>
</testsuite> <!-- testCases.ManageContactTest -->
