<?xml version="1.0" encoding="UTF-8"?>
<!-- Generated by org.testng.reporters.JUnitReportReporter -->
<testsuite hostname="LAPTOP-QKE8DCG6" failures="0" tests="5" name="testCases.SubCategoryTest" time="29.479" errors="0" timestamp="2024-11-08T06:54:38 GST" skipped="0">
  <testcase classname="testCases.SubCategoryTest" name="verifySubcategory" time="5.632"/>
  <testcase classname="testCases.SubCategoryTest" name="verifyAddNewItem" time="6.724"/>
  <testcase classname="testCases.SubCategoryTest" name="verifyValidSearch" time="5.811"/>
  <testcase classname="testCases.SubCategoryTest" name="verifyInvalidSearch" time="5.304"/>
  <testcase classname="testCases.SubCategoryTest" name="verifyDeleteItem" time="6.008"/>
</testsuite> <!-- testCases.SubCategoryTest -->
