<?xml version="1.0" encoding="UTF-8"?>
<!-- Generated by org.testng.reporters.JUnitReportReporter -->
<testsuite hostname="LAPTOP-QKE8DCG6" failures="0" tests="2" name="testCases.ManageContactTest" time="17.679" errors="0" timestamp="2024-11-04T05:00:33 GST" skipped="0">
  <testcase classname="testCases.ManageContactTest" name="verifyContact" time="9.814"/>
  <system-out/>
  <testcase classname="testCases.ManageContactTest" name="verifyContactReset" time="7.865"/>
  <system-out/>
</testsuite> <!-- testCases.ManageContactTest -->
